2025-12-12 20:59:56.616 | INFO     | presets:<module>:382 - Frequency band presets initialized with comprehensive band definitions
2025-12-12 20:59:56.856 | INFO     | storage:<module>:509 - Design storage system initialized with thumbnail generation and JSON serialization
2025-12-12 20:59:56.856 | INFO     | __main__:main:11 - Starting Mini Antenna Designer application
2025-12-12 20:59:56.922 | WARNING  | core:__init__:111 - NEC2 executable not found: NEC2 executable not found. Please specify nec2_path or install NEC2. - using mock simulation mode
2025-12-12 20:59:56.922 | INFO     | design:__init__:21 - Antenna design initialized for 4.0x2.0 inch substrate
2025-12-12 20:59:56.923 | INFO     | design:__init__:471 - AdvancedMeanderTrace initialized for 4.0x2.0 inch substrate
2025-12-12 20:59:56.924 | INFO     | design_generator:__init__:21 - Antenna design generator initialized with advanced meander capability for 4.0x2.0 inch substrate
2025-12-12 20:59:56.924 | INFO     | export:__init__:37 - Vector exporter initialized with output dir: exports
2025-12-12 20:59:56.925 | INFO     | storage:__init__:129 - Design storage directory created/verified: C:\Users\hdcor\mini-antenna-designer\designs
2025-12-12 20:59:56.926 | INFO     | storage:__init__:142 - Storage directory is writable
2025-12-12 20:59:56.926 | INFO     | export:__init__:37 - Vector exporter initialized with output dir: exports
2025-12-12 20:59:56.926 | INFO     | storage:__init__:150 - Design storage initialized at: C:\Users\hdcor\mini-antenna-designer\designs
2025-12-12 20:59:56.995 | INFO     | ui:_create_designs_tab:1195 - Successfully created paned window for designs tab
2025-12-12 20:59:57.009 | INFO     | ui:_create_designs_tab:1292 - GUI creation complete, scheduling design library initialization...
2025-12-12 20:59:57.010 | INFO     | ui:__init__:93 - System configuration validated: ✓ temp directory is ready, ✓ exports directory is ready, ✓ designs directory is ready, ✓ numpy 2.3.4 available
2025-12-12 20:59:57.010 | INFO     | ui:__init__:97 - GUI initialized
2025-12-12 20:59:57.109 | INFO     | ui:_delayed_initial_refresh:1824 - Performing delayed design library initialization...
2025-12-12 20:59:57.113 | INFO     | storage:list_designs:286 - Listed 9 designs from C:\Users\hdcor\mini-antenna-designer\designs
2025-12-12 20:59:57.113 | INFO     | ui:_refresh_designs_list:1414 - Storage returned 9 designs
2025-12-12 20:59:57.115 | INFO     | ui:_refresh_designs_list:1446 - Treeview insertion complete: 9 successful, 0 failed
2025-12-12 20:59:57.117 | INFO     | storage:list_designs:286 - Listed 9 designs from C:\Users\hdcor\mini-antenna-designer\designs
2025-12-12 20:59:57.117 | INFO     | storage:get_design_stats:383 - Generated stats for 9 designs
2025-12-12 20:59:57.118 | INFO     | ui:_refresh_designs_list:1467 - Design list refresh completed successfully
2025-12-12 20:59:57.118 | INFO     | ui:_delayed_initial_refresh:1827 - Design library loaded successfully
